2023-06-01 12:34:16 INFO  TC_LoginDDT_002:21 - username is provided
2023-06-01 12:34:16 INFO  TC_LoginDDT_002:23 - password is provided
2023-06-01 12:34:19 INFO  TC_LoginDDT_002:31 - provideding customer details
2023-06-01 12:34:34 INFO  TC_LoginDDT_002:21 - URL is Opened
2023-06-01 12:34:34 INFO  TC_LoginDDT_002:25 - Window is Maximised
2023-06-01 12:34:40 INFO  TC_LoginDDT_002:35 - Username Entered 
2023-06-01 12:34:40 INFO  TC_LoginDDT_002:39 - Password Entered 
2023-06-01 12:34:40 INFO  TC_LoginDDT_002:43 - Submited and Entered to mail page
2023-06-01 12:34:40 INFO  TC_LoginDDT_002:61 - login test failed
2023-06-01 12:35:38 INFO  TC_LoginDDT_002:21 - username is provided
2023-06-01 12:35:38 INFO  TC_LoginDDT_002:23 - password is provided
2023-06-01 12:35:47 INFO  TC_LoginDDT_002:31 - provideding customer details
2023-06-01 12:36:39 INFO  TC_LoginDDT_002:21 - URL is Opened
2023-06-01 12:36:39 INFO  TC_LoginDDT_002:25 - Window is Maximised
2023-06-01 12:36:45 INFO  TC_LoginDDT_002:35 - Username Entered 
2023-06-01 12:36:45 INFO  TC_LoginDDT_002:39 - Password Entered 
2023-06-01 12:36:50 INFO  TC_LoginDDT_002:43 - Submited and Entered to mail page
2023-06-01 12:36:51 INFO  TC_LoginDDT_002:61 - login test failed
2023-06-01 12:37:58 INFO  TC_LoginDDT_002:21 - username is provided
2023-06-01 12:37:58 INFO  TC_LoginDDT_002:23 - password is provided
2023-06-01 12:38:04 INFO  TC_LoginDDT_002:31 - provideding customer details
2023-06-01 12:43:23 INFO  TC_LoginDDT_002:21 - username is provided
2023-06-01 12:43:24 INFO  TC_LoginDDT_002:23 - password is provided
2023-06-01 12:43:35 INFO  TC_LoginDDT_002:31 - provideding customer details
2023-06-01 12:48:34 INFO  TC_LoginDDT_002:21 - username is provided
2023-06-01 12:48:35 INFO  TC_LoginDDT_002:23 - password is provided
2023-06-01 12:48:46 INFO  TC_LoginDDT_002:31 - provideding customer details
2023-06-01 12:49:12 INFO  TC_LoginDDT_002:21 - username is provided
2023-06-01 12:49:12 INFO  TC_LoginDDT_002:23 - password is provided
2023-06-01 12:49:15 INFO  TC_LoginDDT_002:31 - provideding customer details
2023-06-01 12:51:08 INFO  TC_LoginDDT_002:21 - username is provided
2023-06-01 12:51:09 INFO  TC_LoginDDT_002:23 - password is provided
2023-06-01 12:51:15 INFO  TC_LoginDDT_002:31 - provideding customer details
2023-06-01 12:55:04 INFO  TC_LoginDDT_002:21 - username is provided
2023-06-01 12:55:04 INFO  TC_LoginDDT_002:23 - password is provided
2023-06-01 12:55:12 INFO  TC_LoginDDT_002:31 - provideding customer details
2023-06-01 13:24:57 INFO  TC_LoginDDT_002:22 - username is provided
2023-06-01 13:24:57 INFO  TC_LoginDDT_002:24 - password is provided
2023-06-01 13:25:03 INFO  TC_LoginDDT_002:32 - provideding customer details
2023-06-01 13:33:11 INFO  TC_LoginDDT_002:22 - username is provided
2023-06-01 13:33:11 INFO  TC_LoginDDT_002:24 - password is provided
2023-06-01 13:33:19 INFO  TC_LoginDDT_002:32 - provideding customer details
2023-06-01 13:36:51 INFO  TC_LoginDDT_002:22 - username is provided
2023-06-01 13:36:51 INFO  TC_LoginDDT_002:24 - password is provided
2023-06-01 13:39:18 INFO  TC_LoginDDT_002:22 - username is provided
2023-06-01 13:39:18 INFO  TC_LoginDDT_002:24 - password is provided
2023-06-01 13:43:24 INFO  TC_LoginDDT_002:22 - username is provided
2023-06-01 13:43:25 INFO  TC_LoginDDT_002:24 - password is provided
2023-06-01 13:43:33 INFO  TC_LoginDDT_002:35 - provideding customer details
2023-06-01 13:46:13 INFO  TC_LoginDDT_002:22 - username is provided
2023-06-01 13:46:14 INFO  TC_LoginDDT_002:24 - password is provided
2023-06-01 14:01:56 INFO  TC_LoginDDT_002:22 - username is provided
2023-06-01 14:01:56 INFO  TC_LoginDDT_002:24 - password is provided
2023-06-01 14:04:36 INFO  TC_LoginDDT_002:22 - username is provided
2023-06-01 14:04:36 INFO  TC_LoginDDT_002:24 - password is provided
2023-06-01 14:04:43 INFO  TC_LoginDDT_002:32 - provideding customer details
2023-06-01 14:13:28 INFO  TC_LoginDDT_002:24 - username is provided
2023-06-01 14:13:28 INFO  TC_LoginDDT_002:26 - password is provided
2023-06-01 14:14:10 INFO  TC_LoginDDT_002:24 - username is provided
2023-06-01 14:14:10 INFO  TC_LoginDDT_002:26 - password is provided
2023-06-01 14:14:52 INFO  TC_LoginDDT_002:24 - username is provided
2023-06-01 14:14:53 INFO  TC_LoginDDT_002:26 - password is provided
2023-06-01 14:16:56 INFO  TC_LoginDDT_002:24 - username is provided
2023-06-01 14:16:56 INFO  TC_LoginDDT_002:26 - password is provided
2023-06-01 14:22:28 INFO  TC_LoginDDT_002:24 - username is provided
2023-06-01 14:22:29 INFO  TC_LoginDDT_002:26 - password is provided
2023-06-01 14:24:06 INFO  TC_LoginDDT_002:24 - username is provided
2023-06-01 14:24:06 INFO  TC_LoginDDT_002:26 - password is provided
2023-06-01 14:24:15 INFO  TC_LoginDDT_002:45 - provideding customer details
2023-06-01 14:28:51 INFO  TC_LoginDDT_002:24 - username is provided
2023-06-01 14:28:51 INFO  TC_LoginDDT_002:26 - password is provided
2023-06-01 14:28:56 INFO  TC_LoginDDT_002:45 - provideding customer details
2023-06-01 14:30:32 INFO  TC_LoginDDT_002:24 - username is provided
2023-06-01 14:30:33 INFO  TC_LoginDDT_002:26 - password is provided
2023-06-01 14:30:38 INFO  TC_LoginDDT_002:45 - provideding customer details
2023-06-01 14:35:00 INFO  TC_LoginDDT_002:24 - username is provided
2023-06-01 14:35:01 INFO  TC_LoginDDT_002:26 - password is provided
2023-06-01 14:35:05 INFO  TC_LoginDDT_002:45 - provideding customer details
2023-06-01 21:01:36 INFO  TC_LoginDDT_002:24 - username is provided
2023-06-01 21:01:36 INFO  TC_LoginDDT_002:26 - password is provided
2023-06-01 21:01:41 INFO  TC_LoginDDT_002:21 - URL is Opened
2023-06-01 21:01:41 INFO  TC_LoginDDT_002:25 - Window is Maximised
2023-06-01 21:01:47 INFO  TC_LoginDDT_002:35 - Username Entered 
2023-06-01 21:01:47 INFO  TC_LoginDDT_002:39 - Password Entered 
2023-06-01 21:01:47 INFO  TC_LoginDDT_002:43 - Submited and Entered to mail page
2023-06-01 21:01:47 INFO  TC_LoginDDT_002:61 - login test failed
2023-06-01 21:03:15 INFO  TC_LoginDDT_002:24 - username is provided
2023-06-01 21:03:15 INFO  TC_LoginDDT_002:26 - password is provided
2023-06-01 21:03:20 INFO  TC_LoginDDT_002:32 - provideding customer details
2023-06-01 21:03:53 INFO  TC_LoginDDT_002:21 - URL is Opened
2023-06-01 21:03:53 INFO  TC_LoginDDT_002:25 - Window is Maximised
2023-06-01 21:03:59 INFO  TC_LoginDDT_002:35 - Username Entered 
2023-06-01 21:03:59 INFO  TC_LoginDDT_002:39 - Password Entered 
2023-06-01 21:04:01 INFO  TC_LoginDDT_002:43 - Submited and Entered to mail page
2023-06-01 21:04:01 INFO  TC_LoginDDT_002:61 - login test failed
2023-06-01 21:06:54 INFO  TC_LoginDDT_002:24 - username is provided
2023-06-01 21:06:54 INFO  TC_LoginDDT_002:26 - password is provided
2023-06-01 21:07:01 INFO  TC_LoginDDT_002:32 - provideding customer details
2023-06-01 21:07:43 INFO  TC_LoginDDT_002:21 - URL is Opened
2023-06-01 21:07:43 INFO  TC_LoginDDT_002:25 - Window is Maximised
2023-06-01 21:07:49 INFO  TC_LoginDDT_002:35 - Username Entered 
2023-06-01 21:07:50 INFO  TC_LoginDDT_002:39 - Password Entered 
2023-06-01 21:07:54 INFO  TC_LoginDDT_002:43 - Submited and Entered to mail page
2023-06-01 21:07:55 INFO  TC_LoginDDT_002:61 - login test failed
2023-06-02 11:38:57 INFO  TC_LoginDDT_002:24 - username is provided
2023-06-02 11:38:57 INFO  TC_LoginDDT_002:26 - password is provided
2023-06-02 11:39:01 INFO  TC_LoginDDT_002:32 - provideding customer details
2023-06-02 11:39:30 INFO  TC_LoginDDT_002:21 - URL is Opened
2023-06-02 11:39:30 INFO  TC_LoginDDT_002:25 - Window is Maximised
2023-06-02 11:39:36 INFO  TC_LoginDDT_002:35 - Username Entered 
2023-06-02 11:39:36 INFO  TC_LoginDDT_002:39 - Password Entered 
2023-06-02 11:39:41 INFO  TC_LoginDDT_002:43 - Submited and Entered to mail page
2023-06-02 11:39:41 INFO  TC_LoginDDT_002:61 - login test failed
2023-06-02 11:43:43 INFO  TC_LoginDDT_002:24 - username is provided
2023-06-02 11:43:43 INFO  TC_LoginDDT_002:26 - password is provided
2023-06-02 11:43:48 INFO  TC_LoginDDT_002:32 - provideding customer details
2023-06-02 11:44:26 INFO  TC_LoginDDT_002:21 - URL is Opened
2023-06-02 11:44:26 INFO  TC_LoginDDT_002:25 - Window is Maximised
2023-06-02 11:44:32 INFO  TC_LoginDDT_002:35 - Username Entered 
2023-06-02 11:44:32 INFO  TC_LoginDDT_002:39 - Password Entered 
2023-06-02 11:44:33 INFO  TC_LoginDDT_002:43 - Submited and Entered to mail page
2023-06-02 11:44:34 INFO  TC_LoginDDT_002:61 - login test failed
2023-06-02 21:40:14 INFO  TC_LoginDDT_002:24 - username is provided
2023-06-02 21:40:14 INFO  TC_LoginDDT_002:26 - password is provided
2023-06-02 21:40:20 INFO  TC_LoginDDT_002:32 - provideding customer details
2023-06-02 21:40:57 INFO  TC_LoginDDT_002:21 - URL is Opened
2023-06-02 21:40:57 INFO  TC_LoginDDT_002:25 - Window is Maximised
2023-06-02 21:41:04 INFO  TC_LoginDDT_002:35 - Username Entered 
2023-06-02 21:41:05 INFO  TC_LoginDDT_002:39 - Password Entered 
2023-06-02 21:41:08 INFO  TC_LoginDDT_002:43 - Submited and Entered to mail page
2023-06-02 21:41:09 INFO  TC_LoginDDT_002:57 - login test failed
2023-06-02 21:46:49 INFO  TC_LoginDDT_002:24 - username is provided
2023-06-02 21:46:49 INFO  TC_LoginDDT_002:26 - password is provided
2023-06-02 21:46:52 INFO  TC_LoginDDT_002:32 - provideding customer details
2023-06-02 21:47:30 INFO  TC_LoginDDT_002:21 - URL is Opened
2023-06-02 21:47:30 INFO  TC_LoginDDT_002:25 - Window is Maximised
2023-06-02 21:47:39 INFO  TC_LoginDDT_002:35 - Username Entered 
2023-06-02 21:47:40 INFO  TC_LoginDDT_002:39 - Password Entered 
2023-06-02 21:47:45 INFO  TC_LoginDDT_002:43 - Submited and Entered to mail page
2023-06-02 21:47:46 INFO  TC_LoginDDT_002:57 - login test failed
2023-06-02 21:55:47 INFO  TC_LoginDDT_002:24 - username is provided
2023-06-02 21:55:48 INFO  TC_LoginDDT_002:26 - password is provided
2023-06-02 21:55:53 INFO  TC_LoginDDT_002:32 - provideding customer details
2023-06-02 21:56:22 INFO  TC_LoginDDT_002:21 - URL is Opened
2023-06-02 21:56:22 INFO  TC_LoginDDT_002:25 - Window is Maximised
2023-06-02 21:56:29 INFO  TC_LoginDDT_002:35 - Username Entered 
2023-06-02 21:56:30 INFO  TC_LoginDDT_002:39 - Password Entered 
2023-06-02 21:56:33 INFO  TC_LoginDDT_002:43 - Submited and Entered to mail page
2023-06-02 21:56:34 INFO  TC_LoginDDT_002:57 - login test failed
2023-06-02 22:20:30 INFO  TC_LoginDDT_002:24 - username is provided
2023-06-02 22:20:30 INFO  TC_LoginDDT_002:26 - password is provided
2023-06-02 22:20:34 INFO  TC_LoginDDT_002:32 - provideding customer details
2023-06-03 01:02:24 INFO  TC_LoginDDT_002:24 - username is provided
2023-06-03 01:02:24 INFO  TC_LoginDDT_002:26 - password is provided
2023-06-03 01:02:30 INFO  TC_LoginDDT_002:32 - provideding customer details
2023-06-03 01:03:04 INFO  TC_LoginDDT_002:21 - URL is Opened
2023-06-03 01:03:04 INFO  TC_LoginDDT_002:25 - Window is Maximised
2023-06-03 01:03:10 INFO  TC_LoginDDT_002:35 - Username Entered 
2023-06-03 01:03:10 INFO  TC_LoginDDT_002:39 - Password Entered 
2023-06-03 01:03:12 INFO  TC_LoginDDT_002:43 - Submited and Entered to mail page
2023-06-03 01:03:13 INFO  TC_LoginDDT_002:57 - login test failed
2023-06-03 01:24:33 INFO  TC_LoginDDT_002:24 - username is provided
2023-06-03 01:24:33 INFO  TC_LoginDDT_002:26 - password is provided
2023-06-03 01:24:38 INFO  TC_LoginDDT_002:32 - provideding customer details
2023-06-03 01:25:10 INFO  TC_LoginDDT_002:21 - URL is Opened
2023-06-03 01:25:10 INFO  TC_LoginDDT_002:25 - Window is Maximised
2023-06-03 01:25:16 INFO  TC_LoginDDT_002:35 - Username Entered 
2023-06-03 01:25:16 INFO  TC_LoginDDT_002:39 - Password Entered 
2023-06-03 01:25:20 INFO  TC_LoginDDT_002:43 - Submited and Entered to mail page
2023-06-03 01:25:21 INFO  TC_LoginDDT_002:57 - login test failed
